  TitleScene.cpp
c:\users\onsokunogyoniku\desktop\ベルトアクションテスト\ベルトアクション\gameprogramming\ctexture.h(50): warning C4996: 'fopen': This function or variable may be unsafe. Consider using fopen_s instead. To disable deprecation, use _CRT_SECURE_NO_WARNINGS. See online help for details.
          c:\program files (x86)\microsoft visual studio 12.0\vc\include\stdio.h(211) : 'fopen' の宣言を確認してください。
  Select.cpp
c:\users\onsokunogyoniku\desktop\ベルトアクションテスト\ベルトアクション\gameprogramming\ctexture.h(50): warning C4996: 'fopen': This function or variable may be unsafe. Consider using fopen_s instead. To disable deprecation, use _CRT_SECURE_NO_WARNINGS. See online help for details.
          c:\program files (x86)\microsoft visual studio 12.0\vc\include\stdio.h(211) : 'fopen' の宣言を確認してください。
  CWindmill.cpp
c:\users\onsokunogyoniku\desktop\ベルトアクションテスト\ベルトアクション\gameprogramming\ctexture.h(50): warning C4996: 'fopen': This function or variable may be unsafe. Consider using fopen_s instead. To disable deprecation, use _CRT_SECURE_NO_WARNINGS. See online help for details.
          c:\program files (x86)\microsoft visual studio 12.0\vc\include\stdio.h(211) : 'fopen' の宣言を確認してください。
  main.cpp
c:\users\onsokunogyoniku\desktop\ベルトアクションテスト\ベルトアクション\gameprogramming\ctexture.h(50): warning C4996: 'fopen': This function or variable may be unsafe. Consider using fopen_s instead. To disable deprecation, use _CRT_SECURE_NO_WARNINGS. See online help for details.
          c:\program files (x86)\microsoft visual studio 12.0\vc\include\stdio.h(211) : 'fopen' の宣言を確認してください。
  Enemy.cpp
c:\users\onsokunogyoniku\desktop\ベルトアクションテスト\ベルトアクション\gameprogramming\ctexture.h(50): warning C4996: 'fopen': This function or variable may be unsafe. Consider using fopen_s instead. To disable deprecation, use _CRT_SECURE_NO_WARNINGS. See online help for details.
          c:\program files (x86)\microsoft visual studio 12.0\vc\include\stdio.h(211) : 'fopen' の宣言を確認してください。
  CWind.cpp
c:\users\onsokunogyoniku\desktop\ベルトアクションテスト\ベルトアクション\gameprogramming\ctexture.h(50): warning C4996: 'fopen': This function or variable may be unsafe. Consider using fopen_s instead. To disable deprecation, use _CRT_SECURE_NO_WARNINGS. See online help for details.
          c:\program files (x86)\microsoft visual studio 12.0\vc\include\stdio.h(211) : 'fopen' の宣言を確認してください。
  CVector2.cpp
  CUserInterface.cpp
c:\users\onsokunogyoniku\desktop\ベルトアクションテスト\ベルトアクション\gameprogramming\ctexture.h(50): warning C4996: 'fopen': This function or variable may be unsafe. Consider using fopen_s instead. To disable deprecation, use _CRT_SECURE_NO_WARNINGS. See online help for details.
          c:\program files (x86)\microsoft visual studio 12.0\vc\include\stdio.h(211) : 'fopen' の宣言を確認してください。
c:\users\onsokunogyoniku\desktop\ベルトアクションテスト\ベルトアクション\gameprogramming\cuserinterface.cpp(77): warning C4996: 'sprintf': This function or variable may be unsafe. Consider using sprintf_s instead. To disable deprecation, use _CRT_SECURE_NO_WARNINGS. See online help for details.
          c:\program files (x86)\microsoft visual studio 12.0\vc\include\stdio.h(356) : 'sprintf' の宣言を確認してください。
c:\users\onsokunogyoniku\desktop\ベルトアクションテスト\ベルトアクション\gameprogramming\cuserinterface.cpp(78): warning C4996: 'sprintf': This function or variable may be unsafe. Consider using sprintf_s instead. To disable deprecation, use _CRT_SECURE_NO_WARNINGS. See online help for details.
          c:\program files (x86)\microsoft visual studio 12.0\vc\include\stdio.h(356) : 'sprintf' の宣言を確認してください。
  CTriangle.cpp
  Title.cpp
c:\users\onsokunogyoniku\desktop\ベルトアクションテスト\ベルトアクション\gameprogramming\ctexture.h(50): warning C4996: 'fopen': This function or variable may be unsafe. Consider using fopen_s instead. To disable deprecation, use _CRT_SECURE_NO_WARNINGS. See online help for details.
          c:\program files (x86)\microsoft visual studio 12.0\vc\include\stdio.h(211) : 'fopen' の宣言を確認してください。
  CStringtexture.cpp
c:\users\onsokunogyoniku\desktop\ベルトアクションテスト\ベルトアクション\gameprogramming\ctexture.h(50): warning C4996: 'fopen': This function or variable may be unsafe. Consider using fopen_s instead. To disable deprecation, use _CRT_SECURE_NO_WARNINGS. See online help for details.
          c:\program files (x86)\microsoft visual studio 12.0\vc\include\stdio.h(211) : 'fopen' の宣言を確認してください。
  CStage.cpp
c:\users\onsokunogyoniku\desktop\ベルトアクションテスト\ベルトアクション\gameprogramming\ctexture.h(50): warning C4996: 'fopen': This function or variable may be unsafe. Consider using fopen_s instead. To disable deprecation, use _CRT_SECURE_NO_WARNINGS. See online help for details.
          c:\program files (x86)\microsoft visual studio 12.0\vc\include\stdio.h(211) : 'fopen' の宣言を確認してください。
  CRectangle.cpp
c:\users\onsokunogyoniku\desktop\ベルトアクションテスト\ベルトアクション\gameprogramming\ctexture.h(50): warning C4996: 'fopen': This function or variable may be unsafe. Consider using fopen_s instead. To disable deprecation, use _CRT_SECURE_NO_WARNINGS. See online help for details.
          c:\program files (x86)\microsoft visual studio 12.0\vc\include\stdio.h(211) : 'fopen' の宣言を確認してください。
  CPlayer.cpp
c:\users\onsokunogyoniku\desktop\ベルトアクションテスト\ベルトアクション\gameprogramming\ctexture.h(50): warning C4996: 'fopen': This function or variable may be unsafe. Consider using fopen_s instead. To disable deprecation, use _CRT_SECURE_NO_WARNINGS. See online help for details.
          c:\program files (x86)\microsoft visual studio 12.0\vc\include\stdio.h(211) : 'fopen' の宣言を確認してください。
  CMap.cpp
c:\users\onsokunogyoniku\desktop\ベルトアクションテスト\ベルトアクション\gameprogramming\ctexture.h(50): warning C4996: 'fopen': This function or variable may be unsafe. Consider using fopen_s instead. To disable deprecation, use _CRT_SECURE_NO_WARNINGS. See online help for details.
          c:\program files (x86)\microsoft visual studio 12.0\vc\include\stdio.h(211) : 'fopen' の宣言を確認してください。
  CKey.cpp
c:\users\onsokunogyoniku\desktop\ベルトアクションテスト\ベルトアクション\gameprogramming\ckey.cpp(6): warning C4800: 'int' : ブール値を 'true' または 'false' に強制的に設定します (警告の処理)
  CGoal.cpp
c:\users\onsokunogyoniku\desktop\ベルトアクションテスト\ベルトアクション\gameprogramming\ctexture.h(50): warning C4996: 'fopen': This function or variable may be unsafe. Consider using fopen_s instead. To disable deprecation, use _CRT_SECURE_NO_WARNINGS. See online help for details.
          c:\program files (x86)\microsoft visual studio 12.0\vc\include\stdio.h(211) : 'fopen' の宣言を確認してください。
  CGameover.cpp
c:\users\onsokunogyoniku\desktop\ベルトアクションテスト\ベルトアクション\gameprogramming\ctexture.h(50): warning C4996: 'fopen': This function or variable may be unsafe. Consider using fopen_s instead. To disable deprecation, use _CRT_SECURE_NO_WARNINGS. See online help for details.
          c:\program files (x86)\microsoft visual studio 12.0\vc\include\stdio.h(211) : 'fopen' の宣言を確認してください。
  CGameclear.cpp
c:\users\onsokunogyoniku\desktop\ベルトアクションテスト\ベルトアクション\gameprogramming\ctexture.h(50): warning C4996: 'fopen': This function or variable may be unsafe. Consider using fopen_s instead. To disable deprecation, use _CRT_SECURE_NO_WARNINGS. See online help for details.
          c:\program files (x86)\microsoft visual studio 12.0\vc\include\stdio.h(211) : 'fopen' の宣言を確認してください。
  CGame.cpp
c:\users\onsokunogyoniku\desktop\ベルトアクションテスト\ベルトアクション\gameprogramming\ctexture.h(50): warning C4996: 'fopen': This function or variable may be unsafe. Consider using fopen_s instead. To disable deprecation, use _CRT_SECURE_NO_WARNINGS. See online help for details.
          c:\program files (x86)\microsoft visual studio 12.0\vc\include\stdio.h(211) : 'fopen' の宣言を確認してください。
  コードを生成中...
  コンパイル中...
  CDownGimmick.cpp
c:\users\onsokunogyoniku\desktop\ベルトアクションテスト\ベルトアクション\gameprogramming\ctexture.h(50): warning C4996: 'fopen': This function or variable may be unsafe. Consider using fopen_s instead. To disable deprecation, use _CRT_SECURE_NO_WARNINGS. See online help for details.
          c:\program files (x86)\microsoft visual studio 12.0\vc\include\stdio.h(211) : 'fopen' の宣言を確認してください。
  CCollision.cpp
c:\users\onsokunogyoniku\desktop\ベルトアクションテスト\ベルトアクション\gameprogramming\ctexture.h(50): warning C4996: 'fopen': This function or variable may be unsafe. Consider using fopen_s instead. To disable deprecation, use _CRT_SECURE_NO_WARNINGS. See online help for details.
          c:\program files (x86)\microsoft visual studio 12.0\vc\include\stdio.h(211) : 'fopen' の宣言を確認してください。
  CBase.cpp
c:\users\onsokunogyoniku\desktop\ベルトアクションテスト\ベルトアクション\gameprogramming\ctexture.h(50): warning C4996: 'fopen': This function or variable may be unsafe. Consider using fopen_s instead. To disable deprecation, use _CRT_SECURE_NO_WARNINGS. See online help for details.
          c:\program files (x86)\microsoft visual studio 12.0\vc\include\stdio.h(211) : 'fopen' の宣言を確認してください。
  コードを生成中...
  GameProgramming.vcxproj -> C:\Users\onsokunogyoniku\Desktop\ベルトアクションテスト\ベルトアクション\Debug\GameProgramming.exe
