c:\users\tudahokuto\desktop\福岡ゲーム\gameprogramming\debug\vc120.pdb
c:\users\tudahokuto\desktop\福岡ゲーム\gameprogramming\debug\vc120.idb
c:\users\tudahokuto\desktop\福岡ゲーム\gameprogramming\debug\cbase.obj
c:\users\tudahokuto\desktop\福岡ゲーム\gameprogramming\debug\cdeguchi.obj
c:\users\tudahokuto\desktop\福岡ゲーム\gameprogramming\debug\cenemy.obj
c:\users\tudahokuto\desktop\福岡ゲーム\gameprogramming\debug\cgame.obj
c:\users\tudahokuto\desktop\福岡ゲーム\gameprogramming\debug\ckey.obj
c:\users\tudahokuto\desktop\福岡ゲーム\gameprogramming\debug\ckumo.obj
c:\users\tudahokuto\desktop\福岡ゲーム\gameprogramming\debug\cmap.obj
c:\users\tudahokuto\desktop\福岡ゲーム\gameprogramming\debug\cplayer.obj
c:\users\tudahokuto\desktop\福岡ゲーム\gameprogramming\debug\crectangle.obj
c:\users\tudahokuto\desktop\福岡ゲーム\gameprogramming\debug\csasori.obj
c:\users\tudahokuto\desktop\福岡ゲーム\gameprogramming\debug\cstage.obj
c:\users\tudahokuto\desktop\福岡ゲーム\gameprogramming\debug\ctakara.obj
c:\users\tudahokuto\desktop\福岡ゲーム\gameprogramming\debug\ctext.obj
c:\users\tudahokuto\desktop\福岡ゲーム\gameprogramming\debug\ctriangle.obj
c:\users\tudahokuto\desktop\福岡ゲーム\gameprogramming\debug\cvector2.obj
c:\users\tudahokuto\desktop\福岡ゲーム\gameprogramming\debug\main.obj
c:\users\tudahokuto\desktop\福岡ゲーム\gameprogramming\debug\ctitle.obj
c:\users\tudahokuto\desktop\福岡ゲーム\gameprogramming\debug\ctitlestage.obj
c:\users\tudahokuto\desktop\福岡ゲーム\gameprogramming\debug\cbero.obj
c:\users\tudahokuto\desktop\福岡ゲーム\gameprogramming\debug\isi.obj
c:\users\tudahokuto\desktop\福岡ゲーム\gameprogramming\debug\ccollision.obj
c:\users\tudahokuto\desktop\福岡ゲーム\gameprogramming\debug\cgameover.obj
c:\users\tudahokuto\desktop\福岡ゲーム\debug\gameprogramming.ilk
c:\users\tudahokuto\desktop\福岡ゲーム\debug\gameprogramming.exe
c:\users\tudahokuto\desktop\福岡ゲーム\debug\gameprogramming.pdb
c:\users\tudahokuto\desktop\福岡ゲーム\gameprogramming\debug\gameprogramming.tlog\cl.command.1.tlog
c:\users\tudahokuto\desktop\福岡ゲーム\gameprogramming\debug\gameprogramming.tlog\cl.read.1.tlog
c:\users\tudahokuto\desktop\福岡ゲーム\gameprogramming\debug\gameprogramming.tlog\cl.write.1.tlog
c:\users\tudahokuto\desktop\福岡ゲーム\gameprogramming\debug\gameprogramming.tlog\link.command.1.tlog
c:\users\tudahokuto\desktop\福岡ゲーム\gameprogramming\debug\gameprogramming.tlog\link.read.1.tlog
c:\users\tudahokuto\desktop\福岡ゲーム\gameprogramming\debug\gameprogramming.tlog\link.write.1.tlog
